<?xml version="1.0" encoding="UTF-8"?>
<coverage generated="1709650403007" clover="3.2.0">
  <project timestamp="1709650403008" name="All files">
    <metrics statements="25" coveredstatements="25" conditionals="13" coveredconditionals="12" methods="9" coveredmethods="9" elements="47" coveredelements="46" complexity="0" loc="25" ncloc="25" packages="1" files="1" classes="1"/>
    <file name="todo-list.js" path="/workspaces/testing/logic/todo-list.js">
      <metrics statements="25" coveredstatements="25" conditionals="13" coveredconditionals="12" methods="9" coveredmethods="9"/>
      <line num="4" count="19" type="stmt"/>
      <line num="5" count="19" type="stmt"/>
      <line num="9" count="7" type="stmt"/>
      <line num="16" count="8" type="stmt"/>
      <line num="20" count="18" type="cond" truecount="2" falsecount="0"/>
      <line num="21" count="17" type="stmt"/>
      <line num="26" count="1" type="stmt"/>
      <line num="27" count="1" type="cond" truecount="1" falsecount="1"/>
      <line num="28" count="1" type="stmt"/>
      <line num="33" count="1" type="stmt"/>
      <line num="37" count="3" type="stmt"/>
      <line num="38" count="3" type="stmt"/>
      <line num="39" count="9" type="cond" truecount="2" falsecount="0"/>
      <line num="40" count="5" type="stmt"/>
      <line num="43" count="3" type="stmt"/>
      <line num="47" count="1" type="stmt"/>
      <line num="48" count="1" type="stmt"/>
      <line num="49" count="3" type="cond" truecount="2" falsecount="0"/>
      <line num="50" count="1" type="stmt"/>
      <line num="53" count="1" type="stmt"/>
      <line num="57" count="3" type="cond" truecount="2" falsecount="0"/>
      <line num="58" count="1" type="stmt"/>
      <line num="61" count="2" type="cond" truecount="2" falsecount="0"/>
      <line num="62" count="1" type="stmt"/>
      <line num="65" count="1" type="stmt"/>
    </file>
  </project>
</coverage>
