TN:
SF:logic/todo-list.js
FN:3,(anonymous_0)
FN:8,(anonymous_1)
FN:15,(anonymous_2)
FN:19,(anonymous_3)
FN:25,(anonymous_4)
FN:32,(anonymous_5)
FN:36,(anonymous_6)
FN:46,(anonymous_7)
FN:56,(anonymous_8)
FNF:9
FNH:9
FNDA:19,(anonymous_0)
FNDA:7,(anonymous_1)
FNDA:8,(anonymous_2)
FNDA:18,(anonymous_3)
FNDA:1,(anonymous_4)
FNDA:1,(anonymous_5)
FNDA:3,(anonymous_6)
FNDA:1,(anonymous_7)
FNDA:3,(anonymous_8)
DA:4,19
DA:5,19
DA:9,7
DA:16,8
DA:20,18
DA:21,17
DA:26,1
DA:27,1
DA:28,1
DA:33,1
DA:37,3
DA:38,3
DA:39,9
DA:40,5
DA:43,3
DA:47,1
DA:48,1
DA:49,3
DA:50,1
DA:53,1
DA:57,3
DA:58,1
DA:61,2
DA:62,1
DA:65,1
LF:25
LH:25
BRDA:3,0,0,19
BRDA:20,1,0,17
BRDA:20,1,1,1
BRDA:27,2,0,1
BRDA:27,2,1,0
BRDA:39,3,0,5
BRDA:39,3,1,4
BRDA:49,4,0,1
BRDA:49,4,1,2
BRDA:57,5,0,1
BRDA:57,5,1,2
BRDA:61,6,0,1
BRDA:61,6,1,1
BRF:13
BRH:12
end_of_record
